PLINK v2.00a2LM 64-bit Intel (30 Jul 2018)
Options in effect:
  --bfile hgdp1kgp_chrAll_filtered.SNV_INDEL.phased.shapeit5.NFE_maf0.001_noHighLDReg_pruned
  --out hgdp1kgp_chrAll_filtered.SNV_INDEL.phased.shapeit5.NFE_maf0.001_noHighLDReg_pruned.pca
  --pca 50

Hostname: valine
Working directory: /mnt/projects4/GOE/TGP_HGDP
Start time: Wed Aug 13 13:57:09 2025

Random number seed: 1755086229
515868 MiB RAM detected; reserving 257934 MiB for main workspace.
Using up to 56 threads (change this with --threads).
631 samples (0 females, 0 males, 631 ambiguous; 631 founders) loaded from
hgdp1kgp_chrAll_filtered.SNV_INDEL.phased.shapeit5.NFE_maf0.001_noHighLDReg_pruned.fam.
358794 variants loaded from
hgdp1kgp_chrAll_filtered.SNV_INDEL.phased.shapeit5.NFE_maf0.001_noHighLDReg_pruned.bim.
Note: No phenotype data present.
Calculating allele frequencies... done.
Constructing GRM: done.
Extracting eigenvalues and eigenvectors... done.
--pca: Eigenvectors written to
hgdp1kgp_chrAll_filtered.SNV_INDEL.phased.shapeit5.NFE_maf0.001_noHighLDReg_pruned.pca.eigenvec
, and eigenvalues written to
hgdp1kgp_chrAll_filtered.SNV_INDEL.phased.shapeit5.NFE_maf0.001_noHighLDReg_pruned.pca.eigenval
.

End time: Wed Aug 13 13:57:10 2025
